<?xml version="1.0" encoding="UTF-8"?>
<!-- Generated by org.testng.reporters.JUnitXMLReporter -->
<testsuite hostname="DESKTOP-EHNC13A" ignored="0" name="Default test" tests="4" failures="0" timestamp="01 Feb 2018 02:41:49 GMT" time="31.037" errors="0">
  <testcase name="accountInfoPage" time="0.017" classname="res.cs.selenium.AdminAccountInfoTest"/>
  <testcase name="invalidUpdateField" time="0.29" classname="res.cs.selenium.AdminAccountInfoTest"/>
  <testcase name="passwordMismatch" time="0.322" classname="res.cs.selenium.AdminAccountInfoTest"/>
  <testcase name="validAccountUpdate" time="0.308" classname="res.cs.selenium.AdminAccountInfoTest"/>
</testsuite> <!-- Default test -->
