<?xml version="1.0" encoding="UTF-8"?>
<!-- Generated by org.testng.reporters.JUnitXMLReporter -->
<testsuite hostname="DESKTOP-EHNC13A" ignored="0" name="Default test" tests="15" failures="0" timestamp="30 Dec 2017 05:10:08 GMT" time="1.479" errors="0">
  <testcase name="createUserTest" time="0.57" classname="res.cs.dao.StoreDAOTest"/>
  <testcase name="createUserTest" time="0.039" classname="res.cs.dao.StoreDAOTest"/>
  <testcase name="createUserTest" time="0.034" classname="res.cs.dao.StoreDAOTest"/>
  <testcase name="deleteStoreTest" time="0.024" classname="res.cs.dao.StoreDAOTest"/>
  <testcase name="deleteStoreTest" time="0.024" classname="res.cs.dao.StoreDAOTest"/>
  <testcase name="getAllStoresTest" time="0.041" classname="res.cs.dao.StoreDAOTest"/>
  <testcase name="getAllStoresTest" time="0.077" classname="res.cs.dao.StoreDAOTest"/>
  <testcase name="getAllStoresTest" time="0.07" classname="res.cs.dao.StoreDAOTest"/>
  <testcase name="getAllStoresTest" time="0.043" classname="res.cs.dao.StoreDAOTest"/>
  <testcase name="getStoreTest" time="0.054" classname="res.cs.dao.StoreDAOTest"/>
  <testcase name="getStoreTest" time="0.075" classname="res.cs.dao.StoreDAOTest"/>
  <testcase name="getStoreTest" time="0.044" classname="res.cs.dao.StoreDAOTest"/>
  <testcase name="updateStoreTest" time="0.075" classname="res.cs.dao.StoreDAOTest"/>
  <testcase name="updateStoreTest" time="0.046" classname="res.cs.dao.StoreDAOTest"/>
  <testcase name="updateStoreTest" time="0.045" classname="res.cs.dao.StoreDAOTest"/>
</testsuite> <!-- Default test -->
