<?xml version="1.0" encoding="UTF-8"?>
<!-- Generated by org.testng.reporters.JUnitXMLReporter -->
<testsuite hostname="DESKTOP-EHNC13A" ignored="0" name="DAO Unit Test" tests="74" failures="0" timestamp="03 Jan 2018 20:19:31 GMT" time="10.987" errors="0">
  <testcase name="createUserTest" time="0.6" classname="res.cs.dao.UserDAOTest"/>
  <testcase name="createUserTest" time="0.055" classname="res.cs.dao.UserDAOTest"/>
  <testcase name="createUserTest" time="0.093" classname="res.cs.dao.UserDAOTest"/>
  <testcase name="getAllUsersTest" time="0.157" classname="res.cs.dao.UserDAOTest"/>
  <testcase name="getAllUsersTest" time="0.042" classname="res.cs.dao.UserDAOTest"/>
  <testcase name="getAllUsersTest" time="0.059" classname="res.cs.dao.UserDAOTest"/>
  <testcase name="getAllUsersTest" time="0.067" classname="res.cs.dao.UserDAOTest"/>
  <testcase name="getUserTest" time="0.071" classname="res.cs.dao.UserDAOTest"/>
  <testcase name="getUserTest" time="0.049" classname="res.cs.dao.UserDAOTest"/>
  <testcase name="getUserTest" time="0.039" classname="res.cs.dao.UserDAOTest"/>
  <testcase name="loginUserTest" time="0.12" classname="res.cs.dao.UserDAOTest"/>
  <testcase name="loginUserTest" time="0.088" classname="res.cs.dao.UserDAOTest"/>
  <testcase name="loginUserTest" time="0.102" classname="res.cs.dao.UserDAOTest"/>
  <testcase name="updateUserTest" time="0.153" classname="res.cs.dao.UserDAOTest"/>
  <testcase name="updateUserTest" time="0.092" classname="res.cs.dao.UserDAOTest"/>
  <testcase name="voidUserTest" time="0.056" classname="res.cs.dao.UserDAOTest"/>
  <testcase name="voidUserTest" time="0.104" classname="res.cs.dao.UserDAOTest"/>
  <testcase name="createItemTest" time="0.069" classname="res.cs.dao.ItemDAOTest"/>
  <testcase name="createItemTest" time="0.157" classname="res.cs.dao.ItemDAOTest"/>
  <testcase name="createItemTest" time="0.099" classname="res.cs.dao.ItemDAOTest"/>
  <testcase name="deleteItemTest" time="0.047" classname="res.cs.dao.ItemDAOTest"/>
  <testcase name="deleteItemTest" time="0.025" classname="res.cs.dao.ItemDAOTest"/>
  <testcase name="getAllItemsTest" time="0.04" classname="res.cs.dao.ItemDAOTest"/>
  <testcase name="getAllItemsTest" time="0.052" classname="res.cs.dao.ItemDAOTest"/>
  <testcase name="getAllItemsTest" time="0.05" classname="res.cs.dao.ItemDAOTest"/>
  <testcase name="getAllItemsTest" time="0.058" classname="res.cs.dao.ItemDAOTest"/>
  <testcase name="getItemTest" time="0.055" classname="res.cs.dao.ItemDAOTest"/>
  <testcase name="getItemTest" time="0.076" classname="res.cs.dao.ItemDAOTest"/>
  <testcase name="getItemTest" time="0.068" classname="res.cs.dao.ItemDAOTest"/>
  <testcase name="updateItemTest" time="0.083" classname="res.cs.dao.ItemDAOTest"/>
  <testcase name="updateItemTest" time="0.142" classname="res.cs.dao.ItemDAOTest"/>
  <testcase name="updateItemTest" time="0.14" classname="res.cs.dao.ItemDAOTest"/>
  <testcase name="createReviewTest" time="0.14" classname="res.cs.dao.ReviewDAOTest"/>
  <testcase name="createReviewTest" time="0.134" classname="res.cs.dao.ReviewDAOTest"/>
  <testcase name="createReviewTest" time="0.132" classname="res.cs.dao.ReviewDAOTest"/>
  <testcase name="deletReviewTest" time="0.025" classname="res.cs.dao.ReviewDAOTest"/>
  <testcase name="deletReviewTest" time="0.033" classname="res.cs.dao.ReviewDAOTest"/>
  <testcase name="getReviewsByUserTest" time="0.024" classname="res.cs.dao.ReviewDAOTest"/>
  <testcase name="getReviewsByUserTest" time="0.025" classname="res.cs.dao.ReviewDAOTest"/>
  <testcase name="getReviewsByUserTest" time="0.023" classname="res.cs.dao.ReviewDAOTest"/>
  <testcase name="getStoreTest" time="0.025" classname="res.cs.dao.ReviewDAOTest"/>
  <testcase name="getStoreTest" time="0.034" classname="res.cs.dao.ReviewDAOTest"/>
  <testcase name="getStoreTest" time="0.031" classname="res.cs.dao.ReviewDAOTest"/>
  <testcase name="createUserTest" time="0.065" classname="res.cs.dao.StoreDAOTest"/>
  <testcase name="createUserTest" time="0.171" classname="res.cs.dao.StoreDAOTest"/>
  <testcase name="createUserTest" time="0.132" classname="res.cs.dao.StoreDAOTest"/>
  <testcase name="deleteStoreTest" time="0.099" classname="res.cs.dao.StoreDAOTest"/>
  <testcase name="deleteStoreTest" time="0.049" classname="res.cs.dao.StoreDAOTest"/>
  <testcase name="getAllStoresTest" time="0.281" classname="res.cs.dao.StoreDAOTest"/>
  <testcase name="getAllStoresTest" time="0.032" classname="res.cs.dao.StoreDAOTest"/>
  <testcase name="getAllStoresTest" time="0.055" classname="res.cs.dao.StoreDAOTest"/>
  <testcase name="getAllStoresTest" time="0.089" classname="res.cs.dao.StoreDAOTest"/>
  <testcase name="getStoreTest" time="0.079" classname="res.cs.dao.StoreDAOTest"/>
  <testcase name="getStoreTest" time="0.088" classname="res.cs.dao.StoreDAOTest"/>
  <testcase name="getStoreTest" time="0.077" classname="res.cs.dao.StoreDAOTest"/>
  <testcase name="updateStoreTest" time="0.249" classname="res.cs.dao.StoreDAOTest"/>
  <testcase name="updateStoreTest" time="0.1" classname="res.cs.dao.StoreDAOTest"/>
  <testcase name="updateStoreTest" time="0.183" classname="res.cs.dao.StoreDAOTest"/>
  <testcase name="createPaymentTest" time="0.149" classname="res.cs.dao.PaymentDAOTest"/>
  <testcase name="createPaymentTest" time="0.116" classname="res.cs.dao.PaymentDAOTest"/>
  <testcase name="createPaymentTest" time="0.099" classname="res.cs.dao.PaymentDAOTest"/>
  <testcase name="deletePaymentTest" time="0.085" classname="res.cs.dao.PaymentDAOTest"/>
  <testcase name="deletePaymentTest" time="0.039" classname="res.cs.dao.PaymentDAOTest"/>
  <testcase name="createOrderTest" time="0.472" classname="res.cs.dao.OrderDAOTest"/>
  <testcase name="createOrderTest" time="0.466" classname="res.cs.dao.OrderDAOTest"/>
  <testcase name="createOrderTest" time="0.131" classname="res.cs.dao.OrderDAOTest"/>
  <testcase name="deletOrderTest" time="0.082" classname="res.cs.dao.OrderDAOTest"/>
  <testcase name="deletOrderTest" time="0.059" classname="res.cs.dao.OrderDAOTest"/>
  <testcase name="getAllOrdersTest" time="0.053" classname="res.cs.dao.OrderDAOTest"/>
  <testcase name="getAllOrdersTest" time="0.078" classname="res.cs.dao.OrderDAOTest"/>
  <testcase name="getAllOrdersTest" time="0.058" classname="res.cs.dao.OrderDAOTest"/>
  <testcase name="getOrdersByUserTest" time="0.033" classname="res.cs.dao.OrderDAOTest"/>
  <testcase name="getOrdersByUserTest" time="0.048" classname="res.cs.dao.OrderDAOTest"/>
  <testcase name="getOrdersByUserTest" time="0.32" classname="res.cs.dao.OrderDAOTest"/>
</testsuite> <!-- DAO Unit Test -->
