<?xml version="1.0" encoding="UTF-8"?>
<!-- Generated by org.testng.reporters.JUnitXMLReporter -->
<testsuite hostname="DESKTOP-EHNC13A" ignored="0" name="DAO Unit Test" tests="74" failures="0" timestamp="20 Jan 2018 04:49:07 GMT" time="6.731" errors="0">
  <testcase name="createUserTest" time="1.642" classname="res.cs.dao.UserDAOTest"/>
  <testcase name="createUserTest" time="0.04" classname="res.cs.dao.UserDAOTest"/>
  <testcase name="createUserTest" time="0.03" classname="res.cs.dao.UserDAOTest"/>
  <testcase name="getAllUsersTest" time="0.037" classname="res.cs.dao.UserDAOTest"/>
  <testcase name="getAllUsersTest" time="0.025" classname="res.cs.dao.UserDAOTest"/>
  <testcase name="getAllUsersTest" time="0.026" classname="res.cs.dao.UserDAOTest"/>
  <testcase name="getAllUsersTest" time="0.03" classname="res.cs.dao.UserDAOTest"/>
  <testcase name="getUserTest" time="0.028" classname="res.cs.dao.UserDAOTest"/>
  <testcase name="getUserTest" time="0.025" classname="res.cs.dao.UserDAOTest"/>
  <testcase name="getUserTest" time="0.023" classname="res.cs.dao.UserDAOTest"/>
  <testcase name="loginUserTest" time="0.031" classname="res.cs.dao.UserDAOTest"/>
  <testcase name="loginUserTest" time="0.024" classname="res.cs.dao.UserDAOTest"/>
  <testcase name="loginUserTest" time="0.025" classname="res.cs.dao.UserDAOTest"/>
  <testcase name="updateUserTest" time="0.048" classname="res.cs.dao.UserDAOTest"/>
  <testcase name="updateUserTest" time="0.047" classname="res.cs.dao.UserDAOTest"/>
  <testcase name="voidUserTest" time="0.022" classname="res.cs.dao.UserDAOTest"/>
  <testcase name="voidUserTest" time="0.028" classname="res.cs.dao.UserDAOTest"/>
  <testcase name="createItemTest" time="0.054" classname="res.cs.dao.ItemDAOTest"/>
  <testcase name="createItemTest" time="0.044" classname="res.cs.dao.ItemDAOTest"/>
  <testcase name="createItemTest" time="0.026" classname="res.cs.dao.ItemDAOTest"/>
  <testcase name="deleteItemTest" time="0.024" classname="res.cs.dao.ItemDAOTest"/>
  <testcase name="deleteItemTest" time="0.022" classname="res.cs.dao.ItemDAOTest"/>
  <testcase name="getAllItemsTest" time="0.026" classname="res.cs.dao.ItemDAOTest"/>
  <testcase name="getAllItemsTest" time="0.023" classname="res.cs.dao.ItemDAOTest"/>
  <testcase name="getAllItemsTest" time="0.023" classname="res.cs.dao.ItemDAOTest"/>
  <testcase name="getAllItemsTest" time="0.022" classname="res.cs.dao.ItemDAOTest"/>
  <testcase name="getItemTest" time="0.024" classname="res.cs.dao.ItemDAOTest"/>
  <testcase name="getItemTest" time="0.023" classname="res.cs.dao.ItemDAOTest"/>
  <testcase name="getItemTest" time="0.02" classname="res.cs.dao.ItemDAOTest"/>
  <testcase name="updateItemTest" time="0.043" classname="res.cs.dao.ItemDAOTest"/>
  <testcase name="updateItemTest" time="0.045" classname="res.cs.dao.ItemDAOTest"/>
  <testcase name="updateItemTest" time="0.044" classname="res.cs.dao.ItemDAOTest"/>
  <testcase name="createReviewTest" time="0.05" classname="res.cs.dao.ReviewDAOTest"/>
  <testcase name="createReviewTest" time="0.034" classname="res.cs.dao.ReviewDAOTest"/>
  <testcase name="createReviewTest" time="0.024" classname="res.cs.dao.ReviewDAOTest"/>
  <testcase name="deletReviewTest" time="0.021" classname="res.cs.dao.ReviewDAOTest"/>
  <testcase name="deletReviewTest" time="0.024" classname="res.cs.dao.ReviewDAOTest"/>
  <testcase name="getReviewsByUserTest" time="0.023" classname="res.cs.dao.ReviewDAOTest"/>
  <testcase name="getReviewsByUserTest" time="0.021" classname="res.cs.dao.ReviewDAOTest"/>
  <testcase name="getReviewsByUserTest" time="0.024" classname="res.cs.dao.ReviewDAOTest"/>
  <testcase name="getStoreTest" time="0.054" classname="res.cs.dao.ReviewDAOTest"/>
  <testcase name="getStoreTest" time="0.041" classname="res.cs.dao.ReviewDAOTest"/>
  <testcase name="getStoreTest" time="0.023" classname="res.cs.dao.ReviewDAOTest"/>
  <testcase name="createUserTest" time="0.026" classname="res.cs.dao.StoreDAOTest"/>
  <testcase name="createUserTest" time="0.023" classname="res.cs.dao.StoreDAOTest"/>
  <testcase name="createUserTest" time="0.027" classname="res.cs.dao.StoreDAOTest"/>
  <testcase name="deleteStoreTest" time="0.023" classname="res.cs.dao.StoreDAOTest"/>
  <testcase name="deleteStoreTest" time="0.022" classname="res.cs.dao.StoreDAOTest"/>
  <testcase name="getAllStoresTest" time="0.025" classname="res.cs.dao.StoreDAOTest"/>
  <testcase name="getAllStoresTest" time="0.022" classname="res.cs.dao.StoreDAOTest"/>
  <testcase name="getAllStoresTest" time="0.022" classname="res.cs.dao.StoreDAOTest"/>
  <testcase name="getAllStoresTest" time="0.027" classname="res.cs.dao.StoreDAOTest"/>
  <testcase name="getStoreTest" time="0.022" classname="res.cs.dao.StoreDAOTest"/>
  <testcase name="getStoreTest" time="0.022" classname="res.cs.dao.StoreDAOTest"/>
  <testcase name="getStoreTest" time="0.021" classname="res.cs.dao.StoreDAOTest"/>
  <testcase name="updateStoreTest" time="0.041" classname="res.cs.dao.StoreDAOTest"/>
  <testcase name="updateStoreTest" time="0.044" classname="res.cs.dao.StoreDAOTest"/>
  <testcase name="updateStoreTest" time="0.043" classname="res.cs.dao.StoreDAOTest"/>
  <testcase name="createPaymentTest" time="0.044" classname="res.cs.dao.PaymentDAOTest"/>
  <testcase name="createPaymentTest" time="0.022" classname="res.cs.dao.PaymentDAOTest"/>
  <testcase name="createPaymentTest" time="0.022" classname="res.cs.dao.PaymentDAOTest"/>
  <testcase name="deletePaymentTest" time="0.02" classname="res.cs.dao.PaymentDAOTest"/>
  <testcase name="deletePaymentTest" time="0.022" classname="res.cs.dao.PaymentDAOTest"/>
  <testcase name="createOrderTest" time="0.132" classname="res.cs.dao.OrderDAOTest"/>
  <testcase name="createOrderTest" time="0.114" classname="res.cs.dao.OrderDAOTest"/>
  <testcase name="createOrderTest" time="0.065" classname="res.cs.dao.OrderDAOTest"/>
  <testcase name="deletOrderTest" time="0.023" classname="res.cs.dao.OrderDAOTest"/>
  <testcase name="deletOrderTest" time="0.021" classname="res.cs.dao.OrderDAOTest"/>
  <testcase name="getAllOrdersTest" time="0.024" classname="res.cs.dao.OrderDAOTest"/>
  <testcase name="getAllOrdersTest" time="0.022" classname="res.cs.dao.OrderDAOTest"/>
  <testcase name="getAllOrdersTest" time="0.023" classname="res.cs.dao.OrderDAOTest"/>
  <testcase name="getOrdersByUserTest" time="0.774" classname="res.cs.dao.OrderDAOTest"/>
  <testcase name="getOrdersByUserTest" time="0.316" classname="res.cs.dao.OrderDAOTest"/>
  <testcase name="getOrdersByUserTest" time="0.73" classname="res.cs.dao.OrderDAOTest"/>
</testsuite> <!-- DAO Unit Test -->
