<?xml version="1.0" encoding="UTF-8"?>
<testng-results skipped="0" failed="0" ignored="0" total="3" passed="3">
  <reporter-output>
  </reporter-output>
  <suite name="Default suite" duration-ms="24656" started-at="2018-02-01T00:23:34Z" finished-at="2018-02-01T00:23:58Z">
    <groups>
    </groups>
    <test name="Default test" duration-ms="24656" started-at="2018-02-01T00:23:34Z" finished-at="2018-02-01T00:23:58Z">
      <class name="res.cs.selenium.OrderHistoryPageTest">
        <test-method status="PASS" signature="setUp()[pri:0, instance:res.cs.selenium.OrderHistoryPageTest@31a5c39e]" name="setUp" is-config="true" duration-ms="8" started-at="2018-01-31T19:23:34Z" finished-at="2018-01-31T19:23:34Z">
          <reporter-output>
          </reporter-output>
        </test-method> <!-- setUp -->
        <test-method status="PASS" signature="initialize()[pri:0, instance:res.cs.selenium.OrderHistoryPageTest@31a5c39e]" name="initialize" is-config="true" duration-ms="6426" started-at="2018-01-31T19:23:34Z" finished-at="2018-01-31T19:23:40Z">
          <reporter-output>
          </reporter-output>
        </test-method> <!-- initialize -->
        <test-method status="PASS" signature="orderHistoryPageElements()[pri:0, instance:res.cs.selenium.OrderHistoryPageTest@31a5c39e]" name="orderHistoryPageElements" duration-ms="1025" started-at="2018-01-31T19:23:40Z" finished-at="2018-01-31T19:23:41Z">
          <reporter-output>
          </reporter-output>
        </test-method> <!-- orderHistoryPageElements -->
        <test-method status="PASS" signature="finalize()[pri:0, instance:res.cs.selenium.OrderHistoryPageTest@31a5c39e]" name="finalize" is-config="true" duration-ms="1763" started-at="2018-01-31T19:23:41Z" finished-at="2018-01-31T19:23:43Z">
          <reporter-output>
          </reporter-output>
        </test-method> <!-- finalize -->
        <test-method status="PASS" signature="initialize()[pri:0, instance:res.cs.selenium.OrderHistoryPageTest@31a5c39e]" name="initialize" is-config="true" duration-ms="5210" started-at="2018-01-31T19:23:43Z" finished-at="2018-01-31T19:23:48Z">
          <reporter-output>
          </reporter-output>
        </test-method> <!-- initialize -->
        <test-method status="PASS" signature="ordersHistoryPage()[pri:0, instance:res.cs.selenium.OrderHistoryPageTest@31a5c39e]" name="ordersHistoryPage" duration-ms="1015" started-at="2018-01-31T19:23:48Z" finished-at="2018-01-31T19:23:49Z">
          <reporter-output>
          </reporter-output>
        </test-method> <!-- ordersHistoryPage -->
        <test-method status="PASS" signature="finalize()[pri:0, instance:res.cs.selenium.OrderHistoryPageTest@31a5c39e]" name="finalize" is-config="true" duration-ms="1778" started-at="2018-01-31T19:23:49Z" finished-at="2018-01-31T19:23:51Z">
          <reporter-output>
          </reporter-output>
        </test-method> <!-- finalize -->
        <test-method status="PASS" signature="initialize()[pri:0, instance:res.cs.selenium.OrderHistoryPageTest@31a5c39e]" name="initialize" is-config="true" duration-ms="5600" started-at="2018-01-31T19:23:51Z" finished-at="2018-01-31T19:23:56Z">
          <reporter-output>
          </reporter-output>
        </test-method> <!-- initialize -->
        <test-method status="PASS" signature="viewOrdersLink()[pri:0, instance:res.cs.selenium.OrderHistoryPageTest@31a5c39e]" name="viewOrdersLink" duration-ms="17" started-at="2018-01-31T19:23:56Z" finished-at="2018-01-31T19:23:56Z">
          <reporter-output>
          </reporter-output>
        </test-method> <!-- viewOrdersLink -->
        <test-method status="PASS" signature="finalize()[pri:0, instance:res.cs.selenium.OrderHistoryPageTest@31a5c39e]" name="finalize" is-config="true" duration-ms="1796" started-at="2018-01-31T19:23:56Z" finished-at="2018-01-31T19:23:58Z">
          <reporter-output>
          </reporter-output>
        </test-method> <!-- finalize -->
      </class> <!-- res.cs.selenium.OrderHistoryPageTest -->
    </test> <!-- Default test -->
  </suite> <!-- Default suite -->
</testng-results>
