<?xml version="1.0" encoding="UTF-8"?>
<testng-results skipped="0" failed="0" ignored="5" total="6" passed="1">
  <reporter-output>
  </reporter-output>
  <suite name="Default suite" duration-ms="8095" started-at="2018-01-30T06:55:46Z" finished-at="2018-01-30T06:55:54Z">
    <groups>
    </groups>
    <test name="Default test" duration-ms="8095" started-at="2018-01-30T06:55:46Z" finished-at="2018-01-30T06:55:54Z">
      <class name="res.cs.selenium.RegisterPageTest">
        <test-method status="PASS" signature="setUp()[pri:0, instance:res.cs.selenium.RegisterPageTest@56ac3a89]" name="setUp" is-config="true" duration-ms="9" started-at="2018-01-30T01:55:46Z" finished-at="2018-01-30T01:55:46Z">
          <reporter-output>
          </reporter-output>
        </test-method> <!-- setUp -->
        <test-method status="PASS" signature="initialize()[pri:0, instance:res.cs.selenium.RegisterPageTest@56ac3a89]" name="initialize" is-config="true" duration-ms="5722" started-at="2018-01-30T01:55:46Z" finished-at="2018-01-30T01:55:51Z">
          <reporter-output>
          </reporter-output>
        </test-method> <!-- initialize -->
        <test-method status="PASS" signature="passwordMismatch()[pri:0, instance:res.cs.selenium.RegisterPageTest@56ac3a89]" name="passwordMismatch" duration-ms="699" started-at="2018-01-30T01:55:51Z" finished-at="2018-01-30T01:55:52Z">
          <reporter-output>
          </reporter-output>
        </test-method> <!-- passwordMismatch -->
        <test-method status="PASS" signature="finalize()[pri:0, instance:res.cs.selenium.RegisterPageTest@56ac3a89]" name="finalize" is-config="true" duration-ms="1649" started-at="2018-01-30T01:55:52Z" finished-at="2018-01-30T01:55:54Z">
          <reporter-output>
          </reporter-output>
        </test-method> <!-- finalize -->
      </class> <!-- res.cs.selenium.RegisterPageTest -->
    </test> <!-- Default test -->
  </suite> <!-- Default suite -->
</testng-results>
